e:\!罗傲\学习\数媒专业课\高级计算机图形学\projects\vslighttracing\vslighttracing\debug\vc141.pdb
e:\!罗傲\学习\数媒专业课\高级计算机图形学\projects\vslighttracing\vslighttracing\debug\vc141.idb
e:\!罗傲\学习\数媒专业课\高级计算机图形学\projects\vslighttracing\vslighttracing\debug\balldrawable.obj
e:\!罗傲\学习\数媒专业课\高级计算机图形学\projects\vslighttracing\vslighttracing\debug\boxdrawable.obj
e:\!罗傲\学习\数媒专业课\高级计算机图形学\projects\vslighttracing\vslighttracing\debug\drawable.obj
e:\!罗傲\学习\数媒专业课\高级计算机图形学\projects\vslighttracing\vslighttracing\debug\generateimage.obj
e:\!罗傲\学习\数媒专业课\高级计算机图形学\projects\vslighttracing\vslighttracing\debug\light.obj
e:\!罗傲\学习\数媒专业课\高级计算机图形学\projects\vslighttracing\vslighttracing\debug\pointlight.obj
e:\!罗傲\学习\数媒专业课\高级计算机图形学\projects\vslighttracing\vslighttracing\debug\ray.obj
e:\!罗傲\学习\数媒专业课\高级计算机图形学\projects\vslighttracing\vslighttracing\debug\main.obj
e:\!罗傲\学习\数媒专业课\高级计算机图形学\projects\vslighttracing\vslighttracing\debug\platdrawable.obj
e:\!罗傲\学习\数媒专业课\高级计算机图形学\projects\vslighttracing\debug\vslighttracing.ilk
e:\!罗傲\学习\数媒专业课\高级计算机图形学\projects\vslighttracing\debug\vslighttracing.exe
e:\!罗傲\学习\数媒专业课\高级计算机图形学\projects\vslighttracing\debug\vslighttracing.pdb
e:\!罗傲\学习\数媒专业课\高级计算机图形学\projects\vslighttracing\vslighttracing\debug\vslighttracing.tlog\cl.command.1.tlog
e:\!罗傲\学习\数媒专业课\高级计算机图形学\projects\vslighttracing\vslighttracing\debug\vslighttracing.tlog\cl.read.1.tlog
e:\!罗傲\学习\数媒专业课\高级计算机图形学\projects\vslighttracing\vslighttracing\debug\vslighttracing.tlog\cl.write.1.tlog
e:\!罗傲\学习\数媒专业课\高级计算机图形学\projects\vslighttracing\vslighttracing\debug\vslighttracing.tlog\link.command.1.tlog
e:\!罗傲\学习\数媒专业课\高级计算机图形学\projects\vslighttracing\vslighttracing\debug\vslighttracing.tlog\link.read.1.tlog
e:\!罗傲\学习\数媒专业课\高级计算机图形学\projects\vslighttracing\vslighttracing\debug\vslighttracing.tlog\link.write.1.tlog
